  engine.cpp
  platform.cpp
D:\UnityProjectosUNI\EnginePGA2\Engine\Code\platform.cpp(42,33): warning C4244: '=': conversion from 'double' to 'T', possible loss of data
D:\UnityProjectosUNI\EnginePGA2\Engine\Code\platform.cpp(42,33): warning C4244:         with
D:\UnityProjectosUNI\EnginePGA2\Engine\Code\platform.cpp(42,33): warning C4244:         [
D:\UnityProjectosUNI\EnginePGA2\Engine\Code\platform.cpp(42,33): warning C4244:             T=float
D:\UnityProjectosUNI\EnginePGA2\Engine\Code\platform.cpp(42,33): warning C4244:         ]
D:\UnityProjectosUNI\EnginePGA2\Engine\Code\platform.cpp(43,33): warning C4244: '=': conversion from 'double' to 'T', possible loss of data
D:\UnityProjectosUNI\EnginePGA2\Engine\Code\platform.cpp(43,33): warning C4244:         with
D:\UnityProjectosUNI\EnginePGA2\Engine\Code\platform.cpp(43,33): warning C4244:         [
D:\UnityProjectosUNI\EnginePGA2\Engine\Code\platform.cpp(43,33): warning C4244:             T=float
D:\UnityProjectosUNI\EnginePGA2\Engine\Code\platform.cpp(43,33): warning C4244:         ]
D:\UnityProjectosUNI\EnginePGA2\Engine\Code\platform.cpp(44,26): warning C4244: '=': conversion from 'double' to 'T', possible loss of data
D:\UnityProjectosUNI\EnginePGA2\Engine\Code\platform.cpp(44,26): warning C4244:         with
D:\UnityProjectosUNI\EnginePGA2\Engine\Code\platform.cpp(44,26): warning C4244:         [
D:\UnityProjectosUNI\EnginePGA2\Engine\Code\platform.cpp(44,26): warning C4244:             T=float
D:\UnityProjectosUNI\EnginePGA2\Engine\Code\platform.cpp(44,26): warning C4244:         ]
  imgui.cpp
  imgui_demo.cpp
  imgui_draw.cpp
  imgui_impl_glfw.cpp
  imgui_impl_opengl3.cpp
  imgui_tables.cpp
  imgui_widgets.cpp
  stb.cpp
  Generating Code...
D:\UnityProjectosUNI\EnginePGA2\Engine\Code\platform.cpp(45,26): warning C4244: '=': conversion from 'double' to 'T', possible loss of data
D:\UnityProjectosUNI\EnginePGA2\Engine\Code\platform.cpp(45,26): warning C4244:         with
D:\UnityProjectosUNI\EnginePGA2\Engine\Code\platform.cpp(45,26): warning C4244:         [
D:\UnityProjectosUNI\EnginePGA2\Engine\Code\platform.cpp(45,26): warning C4244:             T=float
D:\UnityProjectosUNI\EnginePGA2\Engine\Code\platform.cpp(45,26): warning C4244:         ]
  glad.c
LINK : warning LNK4098: defaultlib 'MSVCRT' conflicts with use of other libs; use /NODEFAULTLIB:library
  Engine.vcxproj -> D:\UnityProjectosUNI\EnginePGA2\Engine\x64\Debug\Engine.exe
